<?xml version="1.0" encoding="UTF-8"?>
<!-- Generated by org.testng.reporters.JUnitXMLReporter -->
<testsuite ignored="0" hostname="Sarita-PC" failures="0" tests="9" name="loginTest" time="1.432" errors="0" timestamp="2022-12-14T22:05:03 IST">
  <testcase classname="TestRunner.HomePageTest" name="@BeforeTest setUp" time="1.362">
    <failure type="org.openqa.selenium.SessionNotCreatedException" message="Could not start a new session. Response code 500. Message: session not created: This version of ChromeDriver only supports Chrome version 104
Current browser version is 108.0.5359.99 with binary path C:\Program Files\Google\Chrome\Application\chrome.exe
Build info: version: &amp;apos;4.3.0&amp;apos;, revision: &amp;apos;a4995e2c09*&amp;apos;
System info: host: &amp;apos;SARITA-PC&amp;apos;, ip: &amp;apos;192.168.101.155&amp;apos;, os.name: &amp;apos;Windows 10&amp;apos;, os.arch: &amp;apos;amd64&amp;apos;, os.version: &amp;apos;10.0&amp;apos;, java.version: &amp;apos;17.0.3&amp;apos;
Driver info: org.openqa.selenium.chrome.ChromeDriver
Command: [null, newSession {capabilities=[Capabilities {browserName: chrome, goog:chromeOptions: {args: [], extensions: []}}], desiredCapabilities=Capabilities {browserName: chrome, goog:chromeOptions: {args: [], extensions: []}}}]">
      <![CDATA[org.openqa.selenium.SessionNotCreatedException: Could not start a new session. Response code 500. Message: session not created: This version of ChromeDriver only supports Chrome version 104
Current browser version is 108.0.5359.99 with binary path C:\Program Files\Google\Chrome\Application\chrome.exe
Build info: version: '4.3.0', revision: 'a4995e2c09*'
System info: host: 'SARITA-PC', ip: '192.168.101.155', os.name: 'Windows 10', os.arch: 'amd64', os.version: '10.0', java.version: '17.0.3'
Driver info: org.openqa.selenium.chrome.ChromeDriver
Command: [null, newSession {capabilities=[Capabilities {browserName: chrome, goog:chromeOptions: {args: [], extensions: []}}], desiredCapabilities=Capabilities {browserName: chrome, goog:chromeOptions: {args: [], extensions: []}}}]
at org.openqa.selenium.remote.ProtocolHandshake.createSession(ProtocolHandshake.java:144)
at org.openqa.selenium.remote.ProtocolHandshake.createSession(ProtocolHandshake.java:102)
at org.openqa.selenium.remote.ProtocolHandshake.createSession(ProtocolHandshake.java:67)
at org.openqa.selenium.remote.HttpCommandExecutor.execute(HttpCommandExecutor.java:156)
at org.openqa.selenium.remote.service.DriverCommandExecutor.invokeExecute(DriverCommandExecutor.java:167)
at org.openqa.selenium.remote.service.DriverCommandExecutor.execute(DriverCommandExecutor.java:142)
at org.openqa.selenium.remote.RemoteWebDriver.execute(RemoteWebDriver.java:569)
at org.openqa.selenium.remote.RemoteWebDriver.startSession(RemoteWebDriver.java:264)
at org.openqa.selenium.remote.RemoteWebDriver.<init>(RemoteWebDriver.java:179)
at org.openqa.selenium.chromium.ChromiumDriver.<init>(ChromiumDriver.java:101)
at org.openqa.selenium.chrome.ChromeDriver.<init>(ChromeDriver.java:81)
at org.openqa.selenium.chrome.ChromeDriver.<init>(ChromeDriver.java:49)
at BasePackage.BaseClass.setup(BaseClass.java:79)
at TestRunner.HomePageTest.setUp(HomePageTest.java:39)
... Removed 24 stack frames]]>
    </failure>
  </testcase> <!-- @BeforeTest setUp -->
  <testcase classname="TestRunner.HomePageTest" name="@BeforeClass openTest" time="-1.671035703045E9">
    <skipped/>
  </testcase> <!-- @BeforeClass openTest -->
  <testcase classname="TestRunner.HomePageTest" name="@AfterClass closeTest" time="-1.671035703086E9">
    <skipped/>
  </testcase> <!-- @AfterClass closeTest -->
  <testcase classname="TestRunner.HomePageTest" name="@AfterTest tearDown" time="-1.671035703087E9">
    <skipped/>
  </testcase> <!-- @AfterTest tearDown -->
  <testcase classname="TestRunner.HomePageTest" name="clickAll" time="0.0">
    <skipped/>
  </testcase> <!-- clickAll -->
  <testcase classname="TestRunner.HomePageTest" name="clickOnElectronic" time="0.0">
    <skipped/>
  </testcase> <!-- clickOnElectronic -->
  <testcase classname="TestRunner.HomePageTest" name="Televisions" time="0.0">
    <skipped/>
  </testcase> <!-- Televisions -->
  <testcase classname="TestRunner.HomePageTest" name="scrollTillBrands" time="0.0">
    <skipped/>
  </testcase> <!-- scrollTillBrands -->
  <testcase classname="TestRunner.HomePageTest" name="samsung" time="0.0">
    <skipped/>
  </testcase> <!-- samsung -->
  <testcase classname="TestRunner.HomePageTest" name="sort" time="0.0">
    <skipped/>
  </testcase> <!-- sort -->
  <testcase classname="TestRunner.HomePageTest" name="highToLow" time="0.0">
    <skipped/>
  </testcase> <!-- highToLow -->
  <testcase classname="TestRunner.HomePageTest" name="selectSecondItem" time="0.0">
    <skipped/>
  </testcase> <!-- selectSecondItem -->
  <testcase classname="TestRunner.HomePageTest" name="scrolldown" time="0.0">
    <skipped/>
  </testcase> <!-- scrolldown -->
</testsuite> <!-- loginTest -->
